[debug] [2022-12-16T21:30:05.008Z] ----------------------------------------------------------------------
[debug] [2022-12-16T21:30:05.010Z] Command:       C:\Program Files\nodejs\node.exe C:\Users\Usuario\AppData\Roaming\npm\node_modules\firebase-tools\lib\bin\firebase.js init
[debug] [2022-12-16T21:30:05.010Z] CLI Version:   11.18.0
[debug] [2022-12-16T21:30:05.011Z] Platform:      win32
[debug] [2022-12-16T21:30:05.011Z] Node Version:  v16.18.0
[debug] [2022-12-16T21:30:05.011Z] Time:          Fri Dec 16 2022 16:30:05 GMT-0500 (Peru Standard Time)
[debug] [2022-12-16T21:30:05.012Z] ----------------------------------------------------------------------
[debug] 
[debug] [2022-12-16T21:30:05.017Z] > command requires scopes: ["email","openid","https://www.googleapis.com/auth/cloudplatformprojects.readonly","https://www.googleapis.com/auth/firebase","https://www.googleapis.com/auth/cloud-platform"]
[debug] [2022-12-16T21:30:05.017Z] > authorizing via signed-in user (mcoloniab18@gmail.com)
[info] 
     ######## #### ########  ######## ########     ###     ######  ########
     ##        ##  ##     ## ##       ##     ##  ##   ##  ##       ##
     ######    ##  ########  ######   ########  #########  ######  ######
     ##        ##  ##    ##  ##       ##     ## ##     ##       ## ##
     ##       #### ##     ## ######## ########  ##     ##  ######  ########

You're about to initialize a Firebase project in this directory:

  E:\work\react\mcoloniab

[info] 
=== Project Setup
[info] 
[info] First, let's associate this project directory with a Firebase project.
[info] You can create multiple project aliases by running firebase use --add, 
[info] but for now we'll just set up a default project.
[info] 
[debug] [2022-12-16T21:33:02.373Z] >>> [apiv2][query] GET https://firebase.googleapis.com/v1beta1/projects pageSize=100
[debug] [2022-12-16T21:33:03.026Z] <<< [apiv2][status] GET https://firebase.googleapis.com/v1beta1/projects 200
[debug] [2022-12-16T21:33:03.026Z] <<< [apiv2][body] GET https://firebase.googleapis.com/v1beta1/projects [omitted]
[info] i  Using project mcoloniab (mcoloniab) 
[info] 
=== Hosting Setup
[info] 
[info] Your public directory is the folder (relative to your project directory) that
[info] will contain Hosting assets to be uploaded with firebase deploy. If you
[info] have a build process for your assets, use your build's output directory.
[info] 
[debug] [2022-12-16T21:33:15.869Z] >>> [apiv2][query] GET https://www.gstatic.com/firebasejs/releases.json [none]
[debug] [2022-12-16T21:33:16.008Z] <<< [apiv2][status] GET https://www.gstatic.com/firebasejs/releases.json 200
[debug] [2022-12-16T21:33:16.008Z] <<< [apiv2][body] GET https://www.gstatic.com/firebasejs/releases.json {"current":{"version":"9.15.0","browserURL":"https://www.gstatic.com/firebasejs/9.15.0/firebase.js","packageURL":"https://www.gstatic.com/firebasejs/9.15.0/firebase.tgz"},"live":{"version":"9.15","browserURL":"https://www.gstatic.com/firebasejs/live/9.15/firebase.js","packageURL":"https://www.gstatic.com/firebasejs/live/9.15/firebase.tgz"},"components":{"analytics":"https://www.gstatic.com/firebasejs/9.15.0/firebase-analytics.js","app":"https://www.gstatic.com/firebasejs/9.15.0/firebase-app.js","app-check":"https://www.gstatic.com/firebasejs/9.15.0/firebase-app-check.js","auth":"https://www.gstatic.com/firebasejs/9.15.0/firebase-auth.js","auth/cordova":"https://www.gstatic.com/firebasejs/9.15.0/firebase-auth/cordova.js","auth/react-native":"https://www.gstatic.com/firebasejs/9.15.0/firebase-auth/react-native.js","functions":"https://www.gstatic.com/firebasejs/9.15.0/firebase-functions.js","firestore":"https://www.gstatic.com/firebasejs/9.15.0/firebase-firestore.js","firestore/lite":"https://www.gstatic.com/firebasejs/9.15.0/firebase-firestore/lite.js","installations":"https://www.gstatic.com/firebasejs/9.15.0/firebase-installations.js","storage":"https://www.gstatic.com/firebasejs/9.15.0/firebase-storage.js","performance":"https://www.gstatic.com/firebasejs/9.15.0/firebase-performance.js","remote-config":"https://www.gstatic.com/firebasejs/9.15.0/firebase-remote-config.js","messaging":"https://www.gstatic.com/firebasejs/9.15.0/firebase-messaging.js","messaging/sw":"https://www.gstatic.com/firebasejs/9.15.0/firebase-messaging/sw.js","database":"https://www.gstatic.com/firebasejs/9.15.0/firebase-database.js","firestore.memory":"https://www.gstatic.com/firebasejs/9.15.0/firebase-firestore.memory.js"}}
[info] i  Skipping write of public/index.html 
[info] 
[info] i  Detected a .git folder at E:\work\react\mcoloniab 
[info] i  Authorizing with GitHub to upload your service account to a GitHub repository's secrets store. 
[info] 
[info] Visit this URL on this device to log in:
[info] https://github.com/login/oauth/authorize?client_id=89cf50f02ac6aaed3484&state=1061740876&redirect_uri=http%3A%2F%2Flocalhost%3A9005&scope=read%3Auser%20repo%20public_repo
[info] 
[info] Waiting for authentication...
[debug] [2022-12-16T21:33:52.731Z] >>> [apiv2][query] POST https://github.com/login/oauth/access_token [none]
[debug] [2022-12-16T21:33:52.731Z] >>> [apiv2][body] POST https://github.com/login/oauth/access_token [stream]
[debug] [2022-12-16T21:33:53.204Z] <<< [apiv2][status] POST https://github.com/login/oauth/access_token 200
[debug] [2022-12-16T21:33:53.204Z] <<< [apiv2][body] POST https://github.com/login/oauth/access_token {"access_token":"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","token_type":"bearer","scope":"read:user,repo"}
[debug] [2022-12-16T21:33:53.206Z] >>> [apiv2][query] GET https://api.github.com/user [none]
[debug] [2022-12-16T21:33:53.706Z] <<< [apiv2][status] GET https://api.github.com/user 200
[debug] [2022-12-16T21:33:53.707Z] <<< [apiv2][body] GET https://api.github.com/user {"login":"HalloweenJack2606","id":31974620,"node_id":"MDQ6VXNlcjMxOTc0NjIw","avatar_url":"https://avatars.githubusercontent.com/u/31974620?v=4","gravatar_id":"","url":"https://api.github.com/users/HalloweenJack2606","html_url":"https://github.com/HalloweenJack2606","followers_url":"https://api.github.com/users/HalloweenJack2606/followers","following_url":"https://api.github.com/users/HalloweenJack2606/following{/other_user}","gists_url":"https://api.github.com/users/HalloweenJack2606/gists{/gist_id}","starred_url":"https://api.github.com/users/HalloweenJack2606/starred{/owner}{/repo}","subscriptions_url":"https://api.github.com/users/HalloweenJack2606/subscriptions","organizations_url":"https://api.github.com/users/HalloweenJack2606/orgs","repos_url":"https://api.github.com/users/HalloweenJack2606/repos","events_url":"https://api.github.com/users/HalloweenJack2606/events{/privacy}","received_events_url":"https://api.github.com/users/HalloweenJack2606/received_events","type":"User","site_admin":false,"name":"Marcelo Colonia","company":null,"blog":"","location":"Berlin, Germany","email":null,"hireable":null,"bio":"C++ & OpenGL progammer","twitter_username":null,"public_repos":8,"public_gists":0,"followers":2,"following":1,"created_at":"2017-09-15T00:12:01Z","updated_at":"2022-11-28T19:37:21Z","private_gists":1,"total_private_repos":16,"owned_private_repos":16,"disk_usage":182908,"collaborators":2,"two_factor_authentication":false,"plan":{"name":"free","space":976562499,"collaborators":0,"private_repos":10000}}
[info] 
[info] +  Success! Logged into GitHub as HalloweenJack2606 
[info] 
